SF:lib/src/utils/path_utils.dart
DA:18,3
DA:19,6
DA:21,3
DA:22,6
DA:37,3
DA:38,6
LF:6
LH:6
end_of_record
SF:lib/src/di/dependency_resolver.dart
DA:15,4
DA:38,4
DA:39,4
DA:41,12
DA:42,4
DA:44,3
DA:46,1
DA:47,2
DA:48,2
DA:50,3
DA:51,2
DA:56,1
DA:57,2
DA:59,1
DA:62,1
DA:64,2
DA:65,2
DA:70,1
DA:71,1
DA:73,1
DA:74,2
DA:75,2
DA:77,3
DA:78,2
DA:82,1
DA:83,0
DA:85,0
DA:86,0
DA:88,0
DA:89,0
DA:99,1
DA:100,3
DA:101,1
DA:103,3
DA:105,3
DA:106,3
DA:115,1
DA:123,1
LF:38
LH:33
end_of_record
SF:lib/src/di/mock_generator.dart
DA:20,4
DA:21,4
DA:23,6
DA:24,2
DA:25,6
DA:28,4
DA:42,4
DA:43,4
DA:45,6
DA:46,8
DA:49,4
DA:63,1
DA:64,1
DA:66,2
DA:67,4
DA:70,1
LF:16
LH:16
end_of_record
SF:lib/src/generator/test_builder.dart
DA:35,6
DA:41,6
DA:60,3
DA:67,3
DA:71,6
DA:72,3
DA:74,9
DA:76,4
DA:77,1
DA:78,1
DA:82,12
DA:83,9
DA:86,3
DA:88,6
DA:89,3
DA:91,6
DA:92,3
DA:94,9
DA:96,4
DA:99,3
DA:102,7
DA:104,2
DA:105,2
DA:106,2
DA:108,3
DA:110,2
DA:111,2
DA:118,6
DA:121,6
DA:123,3
DA:125,6
DA:128,3
DA:132,2
DA:133,2
DA:134,4
DA:136,2
DA:137,1
DA:138,3
DA:139,0
DA:140,4
DA:142,6
DA:144,4
DA:146,3
DA:148,6
DA:149,2
DA:150,1
DA:152,2
DA:153,2
DA:158,2
DA:159,2
DA:163,2
DA:164,2
DA:166,2
DA:169,3
DA:170,1
DA:171,4
DA:176,3
DA:177,3
DA:180,6
DA:182,3
DA:184,2
DA:185,1
DA:186,2
DA:191,2
DA:194,5
DA:195,1
DA:196,1
DA:197,2
DA:199,3
DA:200,6
DA:201,6
DA:202,6
LF:72
LH:71
end_of_record
SF:lib/src/models/method_info.dart
DA:49,6
DA:62,9
DA:65,0
DA:71,15
DA:73,0
DA:75,0
LF:6
LH:3
end_of_record
SF:lib/src/models/method_parameter.dart
DA:38,4
DA:54,0
DA:60,0
DA:61,0
DA:62,0
DA:63,0
DA:64,0
DA:67,0
DA:69,0
LF:9
LH:1
end_of_record
SF:lib/src/resolver/import_resolver.dart
DA:23,4
DA:37,4
DA:42,7
DA:43,6
DA:45,6
DA:46,2
DA:49,4
DA:54,8
DA:57,4
DA:60,7
DA:61,6
DA:64,4
DA:69,4
DA:71,16
DA:73,4
DA:75,4
DA:76,4
DA:79,2
DA:81,4
DA:86,2
DA:87,8
DA:89,4
DA:90,2
DA:91,4
DA:92,4
DA:94,2
DA:96,2
DA:97,4
DA:100,2
DA:101,6
DA:103,6
DA:110,4
DA:128,4
LF:33
LH:33
end_of_record
SF:lib/src/templates/test_template.dart
DA:30,3
DA:42,2
DA:45,5
DA:46,12
DA:47,4
DA:48,3
DA:51,17
DA:52,3
DA:54,3
DA:56,5
DA:70,3
DA:88,4
DA:102,5
DA:106,4
DA:119,4
DA:137,4
DA:144,8
DA:161,4
LF:18
LH:18
end_of_record
SF:lib/src/utils/project_utils.dart
DA:29,4
DA:30,8
DA:31,8
DA:38,6
DA:43,6
DA:55,3
DA:56,3
DA:58,6
DA:59,1
DA:62,6
DA:64,6
DA:68,4
DA:69,8
DA:72,12
DA:74,4
DA:75,4
DA:78,4
DA:80,12
DA:89,4
DA:90,12
DA:92,4
DA:96,8
DA:98,8
DA:100,8
DA:104,4
DA:113,10
DA:120,10
DA:135,3
DA:136,6
DA:138,6
DA:139,2
DA:143,3
DA:145,1
DA:147,0
DA:149,0
DA:151,0
DA:154,0
DA:164,1
DA:170,2
DA:176,1
DA:184,1
DA:194,2
DA:195,2
DA:197,2
DA:199,1
DA:201,1
DA:204,4
DA:216,4
DA:217,4
DA:218,0
DA:219,0
DA:223,4
DA:225,1
DA:227,1
DA:229,1
LF:55
LH:49
end_of_record
SF:lib/src/generator/test_generator.dart
DA:16,2
DA:18,6
DA:24,4
DA:34,2
DA:39,2
DA:40,2
DA:43,8
DA:44,0
DA:45,0
DA:51,0
DA:53,0
DA:54,0
DA:56,0
DA:57,0
DA:58,0
DA:68,2
DA:69,3
DA:73,4
DA:75,2
DA:76,2
DA:77,2
DA:79,2
DA:81,4
DA:83,2
DA:84,4
DA:86,2
DA:94,2
DA:96,2
DA:104,2
DA:107,2
DA:108,1
DA:109,1
DA:111,1
DA:112,2
DA:113,2
DA:119,4
DA:120,0
DA:122,0
DA:123,0
DA:124,0
DA:131,1
DA:133,1
DA:134,2
DA:135,2
DA:142,2
DA:143,6
DA:147,0
DA:149,0
DA:150,0
DA:151,0
LF:50
LH:34
end_of_record
SF:lib/src/parser/dart_parser.dart
DA:18,3
DA:20,9
DA:26,6
DA:46,3
DA:47,3
DA:49,3
DA:52,3
DA:54,3
DA:56,6
DA:57,6
DA:63,3
DA:64,3
DA:65,3
DA:67,3
DA:68,9
DA:70,12
DA:75,2
DA:76,2
DA:77,4
DA:78,4
DA:79,2
DA:83,2
DA:84,2
DA:85,4
DA:86,4
DA:87,2
DA:91,2
DA:92,4
DA:95,0
DA:98,3
DA:103,3
DA:105,6
DA:106,3
DA:107,6
DA:109,3
DA:110,3
DA:122,2
DA:123,2
DA:125,4
DA:126,4
DA:127,6
DA:129,2
DA:130,4
DA:132,2
DA:135,3
DA:140,3
DA:142,6
DA:143,6
DA:144,6
DA:145,3
DA:146,6
DA:150,3
DA:151,0
DA:153,8
DA:154,2
DA:156,2
DA:157,4
DA:158,4
DA:159,2
DA:161,3
DA:164,2
DA:165,2
DA:166,1
DA:168,1
DA:173,2
LF:65
LH:63
end_of_record
SF:lib/src/writer/test_writer.dart
DA:37,3
DA:47,3
DA:49,6
DA:58,6
DA:59,3
DA:61,6
DA:63,1
DA:65,2
DA:67,1
DA:70,2
DA:71,0
DA:72,0
DA:74,0
DA:76,0
DA:78,0
DA:80,0
DA:83,0
DA:86,0
DA:89,1
DA:91,2
DA:103,1
DA:108,3
DA:109,6
DA:110,6
DA:111,6
DA:115,3
DA:116,3
DA:118,3
DA:119,3
DA:123,3
DA:126,0
DA:130,0
DA:131,0
DA:132,0
DA:136,0
DA:137,0
DA:139,0
DA:140,0
DA:145,0
DA:148,1
DA:149,2
DA:150,2
DA:152,1
DA:153,0
DA:154,1
DA:155,0
DA:156,2
DA:158,3
DA:160,2
DA:162,0
DA:164,0
DA:165,0
DA:166,0
DA:168,1
DA:169,1
DA:174,1
DA:175,1
DA:179,1
DA:185,2
DA:186,1
DA:188,2
DA:190,1
DA:193,3
DA:199,1
DA:200,1
DA:202,1
DA:204,2
DA:205,1
DA:206,4
DA:210,1
DA:213,1
DA:214,1
DA:216,2
DA:217,1
DA:218,1
DA:219,1
LF:76
LH:53
end_of_record
SF:lib/src/utils/cli_utils.dart
DA:12,0
DA:29,2
DA:30,2
DA:31,3
DA:35,1
DA:36,1
DA:38,1
DA:39,1
DA:41,1
DA:43,1
DA:44,0
DA:45,0
DA:47,0
DA:52,2
DA:53,1
DA:55,0
DA:58,1
DA:59,2
DA:60,2
DA:64,1
DA:66,1
DA:81,1
DA:82,1
DA:83,2
DA:120,0
DA:121,0
DA:123,0
DA:124,0
DA:125,0
DA:128,0
DA:130,0
DA:132,0
DA:134,0
DA:135,0
DA:136,0
DA:139,0
DA:151,2
DA:152,4
DA:154,2
DA:155,6
DA:168,2
DA:169,2
DA:173,2
DA:189,2
DA:190,2
DA:193,2
DA:195,4
DA:196,2
DA:197,4
DA:198,4
DA:199,6
DA:201,4
LF:52
LH:35
end_of_record
