SF:lib/src/generator/test_generator.dart
DA:12,2
DA:14,6
DA:16,4
DA:18,2
DA:23,2
DA:24,2
DA:27,8
DA:28,0
DA:29,0
DA:35,0
DA:37,0
DA:38,0
DA:40,0
DA:41,0
DA:42,0
DA:52,2
DA:53,3
DA:57,4
DA:59,2
DA:60,2
DA:61,2
DA:63,2
DA:65,4
DA:67,2
DA:68,4
DA:70,2
DA:78,2
DA:80,2
DA:88,2
DA:91,2
DA:92,1
DA:93,1
DA:95,1
DA:96,2
DA:97,2
DA:103,4
DA:104,0
DA:106,0
DA:107,0
DA:108,0
DA:115,1
DA:117,1
DA:118,2
DA:119,2
DA:126,2
DA:127,6
DA:131,0
DA:133,0
DA:134,0
DA:135,0
LF:50
LH:34
end_of_record
SF:lib/src/di/dependency_resolver.dart
DA:7,4
DA:11,4
DA:12,4
DA:14,8
DA:15,4
DA:16,3
DA:18,1
DA:19,2
DA:20,2
DA:22,3
DA:23,2
DA:28,1
DA:29,2
DA:31,1
DA:34,1
DA:36,2
DA:37,2
DA:42,1
DA:43,1
DA:45,1
DA:46,2
DA:47,2
DA:49,3
DA:50,2
DA:54,1
DA:55,0
DA:57,0
DA:58,0
DA:60,0
DA:61,0
DA:72,1
DA:73,2
DA:74,1
DA:75,3
DA:77,3
DA:78,3
DA:88,1
DA:97,1
LF:38
LH:33
end_of_record
SF:lib/src/di/mock_generator.dart
DA:4,4
DA:5,4
DA:7,6
DA:8,2
DA:9,6
DA:12,4
DA:15,4
DA:16,4
DA:18,6
DA:19,8
DA:22,4
DA:25,1
DA:26,1
DA:28,2
DA:29,4
DA:32,1
LF:16
LH:16
end_of_record
SF:lib/src/generator/test_builder.dart
DA:16,6
DA:18,6
DA:20,3
DA:27,3
DA:31,6
DA:32,3
DA:34,9
DA:36,4
DA:37,1
DA:38,1
DA:42,12
DA:43,9
DA:46,3
DA:48,6
DA:49,3
DA:51,6
DA:52,3
DA:54,9
DA:56,4
DA:59,3
DA:62,7
DA:64,2
DA:65,2
DA:66,2
DA:68,3
DA:70,2
DA:71,2
DA:78,6
DA:81,6
DA:83,3
DA:85,6
DA:88,3
DA:92,2
DA:93,2
DA:94,4
DA:96,2
DA:97,1
DA:98,3
DA:99,0
DA:100,4
DA:102,6
DA:104,4
DA:106,3
DA:108,6
DA:109,2
DA:110,1
DA:112,2
DA:113,2
DA:118,2
DA:119,2
DA:123,2
DA:124,2
DA:126,2
DA:129,3
DA:130,1
DA:131,4
DA:136,3
DA:137,3
DA:140,6
DA:142,3
DA:144,2
DA:145,1
DA:146,2
DA:151,2
DA:154,2
DA:155,3
DA:156,1
DA:157,1
DA:158,2
DA:161,3
DA:162,6
DA:163,6
DA:164,6
LF:73
LH:72
end_of_record
SF:lib/src/models/method_info.dart
DA:14,6
DA:23,9
DA:25,0
DA:27,15
DA:29,0
DA:31,0
LF:6
LH:3
end_of_record
SF:lib/src/models/method_parameter.dart
DA:7,6
DA:14,0
DA:20,0
DA:21,0
DA:22,0
DA:23,0
DA:24,0
DA:28,0
DA:30,0
LF:9
LH:1
end_of_record
SF:lib/src/resolver/import_resolver.dart
DA:11,4
DA:13,4
DA:18,7
DA:19,6
DA:21,6
DA:22,2
DA:25,4
DA:30,8
DA:33,4
DA:36,7
DA:37,6
DA:40,4
DA:45,4
DA:47,16
DA:49,4
DA:51,4
DA:52,4
DA:55,2
DA:57,4
DA:62,2
DA:63,8
DA:65,4
DA:66,2
DA:67,4
DA:68,4
DA:70,2
DA:72,2
DA:73,4
DA:76,2
DA:77,6
DA:79,6
DA:86,4
DA:104,4
LF:33
LH:33
end_of_record
SF:lib/src/templates/test_template.dart
DA:4,3
DA:16,2
DA:19,5
DA:20,12
DA:21,4
DA:22,3
DA:24,5
DA:25,12
DA:26,3
DA:28,3
DA:30,5
DA:44,3
DA:47,4
DA:61,5
DA:65,4
DA:78,4
DA:81,4
DA:88,8
DA:105,4
LF:19
LH:19
end_of_record
SF:lib/src/utils/project_utils.dart
DA:10,4
DA:11,8
DA:12,8
DA:15,6
DA:16,6
DA:19,3
DA:20,3
DA:22,6
DA:23,1
DA:26,6
DA:28,6
DA:32,4
DA:33,8
DA:36,12
DA:38,4
DA:39,4
DA:42,4
DA:44,12
DA:45,0
DA:53,4
DA:54,12
DA:56,4
DA:57,0
DA:60,8
DA:62,4
DA:65,0
DA:68,4
DA:71,5
DA:72,5
DA:79,10
DA:82,3
DA:83,6
DA:85,6
DA:86,2
DA:90,3
DA:92,1
DA:94,0
DA:96,0
DA:98,0
DA:101,0
DA:105,1
DA:109,1
DA:110,1
DA:113,1
DA:122,1
DA:125,2
DA:126,2
DA:128,2
DA:130,1
DA:132,1
DA:135,4
DA:138,4
DA:139,4
DA:140,0
DA:141,0
DA:145,4
DA:147,1
DA:149,1
DA:151,1
LF:59
LH:50
end_of_record
SF:lib/src/parser/dart_parser.dart
DA:10,3
DA:12,9
DA:14,6
DA:16,3
DA:17,3
DA:19,3
DA:22,3
DA:24,3
DA:26,6
DA:27,6
DA:33,3
DA:34,3
DA:35,3
DA:37,3
DA:38,6
DA:39,3
DA:44,2
DA:45,2
DA:46,4
DA:47,2
DA:48,2
DA:52,2
DA:53,2
DA:54,4
DA:55,2
DA:56,2
DA:60,2
DA:61,4
DA:64,0
DA:67,3
DA:72,3
DA:74,6
DA:75,3
DA:76,6
DA:78,3
DA:79,3
DA:91,2
DA:92,2
DA:94,4
DA:95,4
DA:96,6
DA:98,2
DA:99,4
DA:101,2
DA:104,3
DA:109,3
DA:111,6
DA:112,6
DA:113,6
DA:114,3
DA:115,6
DA:119,3
DA:120,0
DA:122,8
DA:123,2
DA:125,2
DA:126,4
DA:127,4
DA:128,2
DA:130,3
DA:133,2
DA:134,2
DA:135,1
DA:137,1
DA:142,2
LF:65
LH:63
end_of_record
SF:lib/src/utils/path_utils.dart
DA:4,3
DA:5,6
DA:7,3
DA:8,6
DA:14,3
DA:16,3
DA:17,3
LF:7
LH:7
end_of_record
SF:lib/src/writer/test_writer.dart
DA:10,3
DA:20,3
DA:22,6
DA:31,6
DA:32,3
DA:34,6
DA:36,1
DA:38,2
DA:40,1
DA:43,2
DA:44,0
DA:45,0
DA:47,0
DA:49,0
DA:51,0
DA:53,0
DA:56,0
DA:59,0
DA:62,1
DA:64,2
DA:76,1
DA:81,3
DA:82,6
DA:83,6
DA:84,6
DA:88,3
DA:89,3
DA:91,3
DA:92,3
DA:96,3
DA:99,0
DA:103,0
DA:104,0
DA:105,0
DA:109,0
DA:110,0
DA:112,0
DA:113,0
DA:118,0
DA:121,1
DA:122,2
DA:123,2
DA:125,1
DA:126,0
DA:127,1
DA:128,0
DA:129,2
DA:131,3
DA:133,2
DA:135,0
DA:137,0
DA:138,0
DA:139,0
DA:141,1
DA:142,1
DA:147,1
DA:148,1
DA:152,1
DA:158,2
DA:159,1
DA:161,2
DA:163,1
DA:166,3
DA:172,1
DA:173,1
DA:175,1
DA:177,2
DA:178,1
DA:179,4
DA:183,1
DA:186,1
DA:187,1
DA:189,2
DA:190,1
DA:191,1
DA:192,1
LF:76
LH:53
end_of_record
SF:lib/src/utils/cli_utils.dart
DA:7,0
DA:9,2
DA:10,2
DA:11,3
DA:15,1
DA:16,1
DA:18,1
DA:19,1
DA:21,1
DA:23,1
DA:24,0
DA:25,0
DA:27,0
DA:32,2
DA:33,1
DA:35,0
DA:38,1
DA:39,2
DA:40,2
DA:44,1
DA:46,1
DA:53,1
DA:54,1
DA:55,2
DA:92,0
DA:93,0
DA:95,0
DA:96,0
DA:97,0
DA:100,0
DA:102,0
DA:104,0
DA:106,0
DA:107,0
DA:108,0
DA:111,0
DA:114,2
DA:115,4
DA:117,2
DA:118,6
DA:124,2
DA:125,2
DA:129,2
DA:132,2
DA:133,2
DA:136,2
DA:138,4
DA:139,2
DA:140,4
DA:141,4
DA:142,6
DA:144,4
LF:52
LH:35
end_of_record
